test (FnAxisTest.FnAxisTest) ... ok
test (KnobAccessorsTest.KnobAccessorsTest) ... ok
testGettingKnobValues (KnobConvertersTest.KnobConvertersTest) ... ok
testKnobCreation (KnobConvertersTest.KnobConvertersTest) ... FAIL
testSettingKnobValues (KnobConvertersTest.KnobConvertersTest) ... FAIL
testAccessors (ObjectKnobTest.ObjectKnobTest) ... ok
testCopyPaste (ObjectKnobTest.ObjectKnobTest) ... ERROR
testCopyPasteNoValue (ObjectKnobTest.ObjectKnobTest) ... ERROR
testLifetime (ObjectKnobTest.ObjectKnobTest) ... ok
testNameAndLabel (ObjectKnobTest.ObjectKnobTest) ... ok
testSetValueReturn (ObjectKnobTest.ObjectKnobTest) ... ok
testUndo (ObjectKnobTest.ObjectKnobTest) ... ok
test (PNGReaderTest.PNGReaderTest) ... ok
testClassParameterSetClass (ParameterisedHolderTest.ParameterisedHolderTest) ... ok
testClassParameterSetClassAndValues (ParameterisedHolderTest.ParameterisedHolderTest) ... ERROR
testClassVectorParameter (ParameterisedHolderTest.ParameterisedHolderTest) ... ok
testCopyPaste (ParameterisedHolderTest.ParameterisedHolderTest) ... ERROR
testCreate (ParameterisedHolderTest.ParameterisedHolderTest) ... ok
testCreateWithoutVersion (ParameterisedHolderTest.ParameterisedHolderTest) ... ok
testDefaultExpression (ParameterisedHolderTest.ParameterisedHolderTest) ... ERROR
testGetParameterisedHasCorrectValues (ParameterisedHolderTest.ParameterisedHolderTest) ... ok
testModifyParametersAndTransferToKnobs (ParameterisedHolderTest.ParameterisedHolderTest) ... ok
testModifyParametersAndUndo (ParameterisedHolderTest.ParameterisedHolderTest) ... ok
testMoreNestedClassVectorParameter (ParameterisedHolderTest.ParameterisedHolderTest) ... ok
testNestedClassParameterSetClass (ParameterisedHolderTest.ParameterisedHolderTest) ... ok
testNestedClassVectorParameter (ParameterisedHolderTest.ParameterisedHolderTest) ... ok
testParameterTypes (ParameterisedHolderTest.ParameterisedHolderTest) ... ok
testReloadShouldntLoseAnimatedValues (ParameterisedHolderTest.ParameterisedHolderTest) ... ok
testReloadShouldntLoseDefaultValues (ParameterisedHolderTest.ParameterisedHolderTest) ... ok
testReloadShouldntLoseFilenameParameterValues (ParameterisedHolderTest.ParameterisedHolderTest) ... ok
testReloadShouldntLoseValues (ParameterisedHolderTest.ParameterisedHolderTest) ... ok
testRemoveClass (ParameterisedHolderTest.ParameterisedHolderTest) ... ok
testIeCoreFileSequence (StringUtilTest.StringUtilTest) ... ok
testNukeFileSequence (StringUtilTest.StringUtilTest) ... ok

======================================================================
ERROR: testCopyPaste (ObjectKnobTest.ObjectKnobTest)
----------------------------------------------------------------------
Traceback (most recent call last):
  File "test/IECoreNuke/ObjectKnobTest.py", line 114, in testCopyPaste
    nuke.nodeCopy( "test/IECoreNuke/objectKnob.nk" )
RuntimeError: Cannot copy to clipboard in non-GUI mode

======================================================================
ERROR: testCopyPasteNoValue (ObjectKnobTest.ObjectKnobTest)
----------------------------------------------------------------------
Traceback (most recent call last):
  File "test/IECoreNuke/ObjectKnobTest.py", line 126, in testCopyPasteNoValue
    nuke.nodeCopy( "test/IECoreNuke/objectKnob.nk" )
RuntimeError: Cannot copy to clipboard in non-GUI mode

======================================================================
ERROR: testClassParameterSetClassAndValues (ParameterisedHolderTest.ParameterisedHolderTest)
----------------------------------------------------------------------
Traceback (most recent call last):
  File "test/IECoreNuke/ParameterisedHolderTest.py", line 288, in testClassParameterSetClassAndValues
    nuke.nodeCopy( "test/IECoreNuke/parameterisedHolder.nk" )
RuntimeError: Cannot copy to clipboard in non-GUI mode

======================================================================
ERROR: testCopyPaste (ParameterisedHolderTest.ParameterisedHolderTest)
----------------------------------------------------------------------
Traceback (most recent call last):
  File "test/IECoreNuke/ParameterisedHolderTest.py", line 163, in testCopyPaste
    nuke.nodeCopy( "test/IECoreNuke/parameterisedHolder.nk" )
RuntimeError: Cannot copy to clipboard in non-GUI mode

======================================================================
ERROR: testDefaultExpression (ParameterisedHolderTest.ParameterisedHolderTest)
----------------------------------------------------------------------
Traceback (most recent call last):
  File "test/IECoreNuke/ParameterisedHolderTest.py", line 418, in testDefaultExpression
    self.assertEqual( fnOH.node().knob( "parm_a" ).toScript(), '{"frame * 2"}' )
AttributeError: 'NoneType' object has no attribute 'toScript'

======================================================================
FAIL: testKnobCreation (KnobConvertersTest.KnobConvertersTest)
----------------------------------------------------------------------
Traceback (most recent call last):
  File "test/IECoreNuke/KnobConvertersTest.py", line 163, in testKnobCreation
    self.assertEqual( knobs["parm_M"].getText(), "/tmp/test.%04d.dpx" )
AssertionError: '/tmp/test.0000.dpx' != '/tmp/test.%04d.dpx'

======================================================================
FAIL: testSettingKnobValues (KnobConvertersTest.KnobConvertersTest)
----------------------------------------------------------------------
Traceback (most recent call last):
  File "test/IECoreNuke/KnobConvertersTest.py", line 184, in testSettingKnobValues
    self.assertEqual( knobs["parm_M"].getText(), "/tmp/anotherTest.%d.dpx" )
AssertionError: '/tmp/anotherTest.0.dpx' != '/tmp/anotherTest.%d.dpx'

----------------------------------------------------------------------
Ran 34 tests in 1.045s

FAILED (failures=2, errors=5)
